c:\users\sigma\source\repos\targetshooter\targetshooter\targetshooter\x64\debug\vc142.pdb
c:\users\sigma\source\repos\targetshooter\targetshooter\targetshooter\x64\debug\vc142.idb
c:\users\sigma\source\repos\targetshooter\targetshooter\targetshooter\x64\debug\targetshooter.obj
c:\users\sigma\source\repos\targetshooter\targetshooter\targetshooter\x64\debug\settings.obj
c:\users\sigma\source\repos\targetshooter\targetshooter\targetshooter\x64\debug\hit.obj
c:\users\sigma\source\repos\targetshooter\targetshooter\targetshooter\x64\debug\game1.obj
c:\users\sigma\source\repos\targetshooter\targetshooter\targetshooter\x64\debug\display.obj
c:\users\sigma\source\repos\simshoot\simshoot\targetshooter\x64\debug\vc142.pdb
c:\users\sigma\source\repos\simshoot\simshoot\targetshooter\x64\debug\vc142.idb
c:\users\sigma\source\repos\simshoot\simshoot\targetshooter\x64\debug\settings.obj
c:\users\sigma\source\repos\simshoot\simshoot\targetshooter\x64\debug\hit.obj
c:\users\sigma\source\repos\simshoot\simshoot\targetshooter\x64\debug\game1.obj
c:\users\sigma\source\repos\simshoot\simshoot\targetshooter\x64\debug\display.obj
c:\users\sigma\source\repos\simshoot\simshoot\targetshooter\x64\debug\targetshooter.obj
c:\users\sigma\source\repos\simshoot\simshoot\targetshooter\x64\debug\camera.obj
c:\users\sigma\source\repos\targetshooter\targetshooter\x64\debug\targetshooter.exe
c:\users\sigma\source\repos\targetshooter\targetshooter\x64\debug\targetshooter.ilk
c:\users\sigma\source\repos\targetshooter\targetshooter\x64\debug\targetshooter.pdb
c:\users\sigma\source\repos\simshoot\simshoot\x64\debug\targetshooter.exe
c:\users\sigma\source\repos\simshoot\simshoot\x64\debug\targetshooter.ilk
c:\users\sigma\source\repos\simshoot\simshoot\x64\debug\targetshooter.pdb
c:\users\sigma\source\repos\simshoot\simshoot\targetshooter\x64\debug\targetshooter.tlog\cl.command.1.tlog
c:\users\sigma\source\repos\simshoot\simshoot\targetshooter\x64\debug\targetshooter.tlog\cl.read.1.tlog
c:\users\sigma\source\repos\simshoot\simshoot\targetshooter\x64\debug\targetshooter.tlog\cl.write.1.tlog
c:\users\sigma\source\repos\simshoot\simshoot\targetshooter\x64\debug\targetshooter.tlog\link.command.1.tlog
c:\users\sigma\source\repos\simshoot\simshoot\targetshooter\x64\debug\targetshooter.tlog\link.read.1.tlog
c:\users\sigma\source\repos\simshoot\simshoot\targetshooter\x64\debug\targetshooter.tlog\link.write.1.tlog
