  TargetShooter.cpp
C:\Users\Sigma\source\repos\SimShoot\SimShoot\TargetShooter\aruco_nano.h(579,11): warning C4244: 'argument' : conversion de 'double' en '_Tp', perte possible de données
          with
          [
              _Tp=float
          ]
C:\Users\Sigma\source\repos\SimShoot\SimShoot\TargetShooter\aruco_nano.h(579,7): warning C4244: 'argument' : conversion de 'double' en '_Tp', perte possible de données
          with
          [
              _Tp=float
          ]
C:\Users\Sigma\source\repos\SimShoot\SimShoot\TargetShooter\aruco_nano.h(1032,4): warning C4244: 'argument' : conversion de '_Tp' en '_Tp', perte possible de données
          with
          [
              _Tp=int
          ]
          and
          [
              _Tp=float
          ]
C:\Users\Sigma\source\repos\SimShoot\SimShoot\TargetShooter\aruco_nano.h(1025,8): warning C4244: 'argument' : conversion de '_Tp' en '_Tp', perte possible de données
          with
          [
              _Tp=int
          ]
          and
          [
              _Tp=float
          ]
C:\Users\Sigma\source\repos\SimShoot\SimShoot\TargetShooter\aruco_nano.h(1496,14): warning C4244: 'initialisation' : conversion de 'double' en 'int', perte possible de données
C:\Users\Sigma\source\repos\SimShoot\SimShoot\TargetShooter\aruco_nano.h(1794,5): warning C4244: '+=' : conversion de 'double' en 'int', perte possible de données
C:\Users\Sigma\source\repos\SimShoot\SimShoot\TargetShooter\aruco_nano.h(2369,3): warning C4267: 'return' : conversion de 'size_t' en 'int', perte possible de données
C:\Users\Sigma\source\repos\SimShoot\SimShoot\TargetShooter\aruco_nano.h(2528,15): warning C4244: 'argument' : conversion de 'float' en '_Tp', perte possible de données
          with
          [
              _Tp=int
          ]
C:\Users\Sigma\source\repos\SimShoot\SimShoot\TargetShooter\aruco_nano.h(2528,6): warning C4244: 'argument' : conversion de 'float' en '_Tp', perte possible de données
          with
          [
              _Tp=int
          ]
C:\Users\Sigma\source\repos\SimShoot\SimShoot\TargetShooter\aruco_nano.h(2544,21): warning C4244: 'argument' : conversion de 'float' en '_Tp', perte possible de données
          with
          [
              _Tp=int
          ]
C:\Users\Sigma\source\repos\SimShoot\SimShoot\TargetShooter\aruco_nano.h(2544,4): warning C4244: 'argument' : conversion de 'float' en '_Tp', perte possible de données
          with
          [
              _Tp=int
          ]
C:\Users\Sigma\source\repos\SimShoot\SimShoot\TargetShooter\aruco_nano.h(2580,13): warning C4244: 'argument' : conversion de 'float' en '_Tp', perte possible de données
          with
          [
              _Tp=int
          ]
C:\Users\Sigma\source\repos\SimShoot\SimShoot\TargetShooter\aruco_nano.h(2580,10): warning C4244: 'argument' : conversion de 'float' en '_Tp', perte possible de données
          with
          [
              _Tp=int
          ]
C:\Users\Sigma\source\repos\SimShoot\SimShoot\TargetShooter\aruco_nano.h(2602,24): warning C4244: 'argument' : conversion de 'float' en '_Tp', perte possible de données
          with
          [
              _Tp=int
          ]
C:\Users\Sigma\source\repos\SimShoot\SimShoot\TargetShooter\aruco_nano.h(2602,13): warning C4244: 'argument' : conversion de 'float' en '_Tp', perte possible de données
          with
          [
              _Tp=int
          ]
C:\Users\Sigma\source\repos\SimShoot\SimShoot\TargetShooter\aruco_nano.h(2749,5): warning C4244: 'return' : conversion de 'double' en 'float', perte possible de données
C:\Users\Sigma\source\repos\SimShoot\SimShoot\TargetShooter\aruco_nano.h(3043,11): warning C4244: 'initialisation' : conversion de 'float' en 'int', perte possible de données
  game1.cpp
  Génération de code en cours...
  TargetShooter.vcxproj -> C:\Users\Sigma\source\repos\SimShoot\SimShoot\x64\Debug\TargetShooter.exe
